This file contains any messages produced by compilers while
running configure, to aid debugging if configure makes a mistake.

It was created by netcalc configure 0.7, which was
generated by GNU Autoconf 2.68.  Invocation command line was

  $ ./configure 

## --------- ##
## Platform. ##
## --------- ##

hostname = lap852.local
uname -m = i386
uname -r = 10.8.0
uname -s = Darwin
uname -v = Darwin Kernel Version 10.8.0: Tue Jun  7 16:33:36 PDT 2011; root:xnu-1504.15.3~1/RELEASE_I386

/usr/bin/uname -p = i386
/bin/uname -X     = unknown

/bin/arch              = unknown
/usr/bin/arch -k       = unknown
/usr/convex/getsysinfo = unknown
/usr/bin/hostinfo      = Mach kernel version:
	 Darwin Kernel Version 10.8.0: Tue Jun  7 16:33:36 PDT 2011; root:xnu-1504.15.3~1/RELEASE_I386
Kernel configured for up to 2 processors.
2 processors are physically available.
2 processors are logically available.
Processor type: i486 (Intel 80486)
Processors active: 0 1
Primary memory available: 4.00 gigabytes
Default processor set: 59 tasks, 243 threads, 2 processors
Load average: 0.23, Mach factor: 1.76
/bin/machine           = unknown
/usr/bin/oslevel       = unknown
/bin/universe          = unknown

PATH: /opt/local/bin
PATH: /opt/local/sbin
PATH: /usr/bin
PATH: /bin
PATH: /usr/sbin
PATH: /sbin
PATH: /usr/local/bin
PATH: /usr/local/git/bin
PATH: /usr/X11/bin


## ----------- ##
## Core tests. ##
## ----------- ##

configure:2111: checking for a BSD-compatible install
configure:2179: result: /usr/bin/install -c
configure:2190: checking whether build environment is sane
configure:2240: result: yes
configure:2381: checking for a thread-safe mkdir -p
configure:2420: result: ./install-sh -c -d
configure:2433: checking for gawk
configure:2463: result: no
configure:2433: checking for mawk
configure:2463: result: no
configure:2433: checking for nawk
configure:2463: result: no
configure:2433: checking for awk
configure:2449: found /usr/bin/awk
configure:2460: result: awk
configure:2471: checking whether make sets $(MAKE)
configure:2493: result: yes
configure:2625: checking for gcc
configure:2641: found /usr/bin/gcc
configure:2652: result: gcc
configure:2881: checking for C compiler version
configure:2890: gcc --version >&5
i686-apple-darwin10-gcc-4.2.1 (GCC) 4.2.1 (Apple Inc. build 5666) (dot 3)
Copyright (C) 2007 Free Software Foundation, Inc.
This is free software; see the source for copying conditions.  There is NO
warranty; not even for MERCHANTABILITY or FITNESS FOR A PARTICULAR PURPOSE.

configure:2901: $? = 0
configure:2890: gcc -v >&5
Using built-in specs.
Target: i686-apple-darwin10
Configured with: /var/tmp/gcc/gcc-5666.3~6/src/configure --disable-checking --enable-werror --prefix=/usr --mandir=/share/man --enable-languages=c,objc,c++,obj-c++ --program-transform-name=/^[cg][^.-]*$/s/$/-4.2/ --with-slibdir=/usr/lib --build=i686-apple-darwin10 --program-prefix=i686-apple-darwin10- --host=x86_64-apple-darwin10 --target=i686-apple-darwin10 --with-gxx-include-dir=/include/c++/4.2.1
Thread model: posix
gcc version 4.2.1 (Apple Inc. build 5666) (dot 3)
configure:2901: $? = 0
configure:2890: gcc -V >&5
gcc-4.2: argument to `-V' is missing
configure:2901: $? = 1
configure:2890: gcc -qversion >&5
i686-apple-darwin10-gcc-4.2.1: no input files
configure:2901: $? = 1
configure:2921: checking whether the C compiler works
configure:2943: gcc    conftest.c  >&5
configure:2947: $? = 0
configure:2995: result: yes
configure:2998: checking for C compiler default output file name
configure:3000: result: a.out
configure:3006: checking for suffix of executables
configure:3013: gcc -o conftest    conftest.c  >&5
configure:3017: $? = 0
configure:3039: result: 
configure:3061: checking whether we are cross compiling
configure:3069: gcc -o conftest    conftest.c  >&5
configure:3073: $? = 0
configure:3080: ./conftest
configure:3084: $? = 0
configure:3099: result: no
configure:3104: checking for suffix of object files
configure:3126: gcc -c   conftest.c >&5
configure:3130: $? = 0
configure:3151: result: o
configure:3155: checking whether we are using the GNU C compiler
configure:3174: gcc -c   conftest.c >&5
configure:3174: $? = 0
configure:3183: result: yes
configure:3192: checking whether gcc accepts -g
configure:3212: gcc -c -g  conftest.c >&5
configure:3212: $? = 0
configure:3253: result: yes
configure:3270: checking for gcc option to accept ISO C89
configure:3334: gcc  -c -g -O2  conftest.c >&5
configure:3334: $? = 0
configure:3347: result: none needed
configure:3378: checking for style of include used by make
configure:3406: result: GNU
configure:3431: checking dependency style of gcc
configure:3541: result: gcc3
configure:3612: checking for pkg-config
configure:3630: found /opt/local/bin/pkg-config
configure:3642: result: /opt/local/bin/pkg-config
configure:3667: checking pkg-config is at least version 0.9.0
configure:3670: result: yes
configure:3680: checking for GLIB
configure:3687: $PKG_CONFIG --exists --print-errors "glib-2.0 >= 2.0.0"
configure:3690: $? = 0
configure:3704: $PKG_CONFIG --exists --print-errors "glib-2.0 >= 2.0.0"
configure:3707: $? = 0
configure:3765: result: yes
configure:3779: checking how to run the C preprocessor
configure:3810: gcc -E  conftest.c
configure:3810: $? = 0
configure:3824: gcc -E  conftest.c
conftest.c:11:28: error: ac_nonexistent.h: No such file or directory
configure:3824: $? = 1
configure: failed program was:
| /* confdefs.h */
| #define PACKAGE_NAME "netcalc"
| #define PACKAGE_TARNAME "netcalc"
| #define PACKAGE_VERSION "0.7"
| #define PACKAGE_STRING "netcalc 0.7"
| #define PACKAGE_BUGREPORT "mpreath at gmail dot com"
| #define PACKAGE_URL ""
| #define PACKAGE "netcalc"
| #define VERSION "0.7"
| /* end confdefs.h.  */
| #include <ac_nonexistent.h>
configure:3849: result: gcc -E
configure:3869: gcc -E  conftest.c
configure:3869: $? = 0
configure:3883: gcc -E  conftest.c
conftest.c:11:28: error: ac_nonexistent.h: No such file or directory
configure:3883: $? = 1
configure: failed program was:
| /* confdefs.h */
| #define PACKAGE_NAME "netcalc"
| #define PACKAGE_TARNAME "netcalc"
| #define PACKAGE_VERSION "0.7"
| #define PACKAGE_STRING "netcalc 0.7"
| #define PACKAGE_BUGREPORT "mpreath at gmail dot com"
| #define PACKAGE_URL ""
| #define PACKAGE "netcalc"
| #define VERSION "0.7"
| /* end confdefs.h.  */
| #include <ac_nonexistent.h>
configure:3912: checking for grep that handles long lines and -e
configure:3970: result: /usr/bin/grep
configure:3975: checking for egrep
configure:4037: result: /usr/bin/grep -E
configure:4042: checking for ANSI C header files
configure:4062: gcc -c -g -O2  conftest.c >&5
configure:4062: $? = 0
configure:4135: gcc -o conftest -g -O2   conftest.c  >&5
configure:4135: $? = 0
configure:4135: ./conftest
configure:4135: $? = 0
configure:4146: result: yes
configure:4159: checking for sys/types.h
configure:4159: gcc -c -g -O2  conftest.c >&5
configure:4159: $? = 0
configure:4159: result: yes
configure:4159: checking for sys/stat.h
configure:4159: gcc -c -g -O2  conftest.c >&5
configure:4159: $? = 0
configure:4159: result: yes
configure:4159: checking for stdlib.h
configure:4159: gcc -c -g -O2  conftest.c >&5
configure:4159: $? = 0
configure:4159: result: yes
configure:4159: checking for string.h
configure:4159: gcc -c -g -O2  conftest.c >&5
configure:4159: $? = 0
configure:4159: result: yes
configure:4159: checking for memory.h
configure:4159: gcc -c -g -O2  conftest.c >&5
configure:4159: $? = 0
configure:4159: result: yes
configure:4159: checking for strings.h
configure:4159: gcc -c -g -O2  conftest.c >&5
configure:4159: $? = 0
configure:4159: result: yes
configure:4159: checking for inttypes.h
configure:4159: gcc -c -g -O2  conftest.c >&5
configure:4159: $? = 0
configure:4159: result: yes
configure:4159: checking for stdint.h
configure:4159: gcc -c -g -O2  conftest.c >&5
configure:4159: $? = 0
configure:4159: result: yes
configure:4159: checking for unistd.h
configure:4159: gcc -c -g -O2  conftest.c >&5
configure:4159: $? = 0
configure:4159: result: yes
configure:4174: checking for stdlib.h
configure:4174: result: yes
configure:4174: checking for string.h
configure:4174: result: yes
configure:4186: checking math.h usability
configure:4186: gcc -c -g -O2  conftest.c >&5
configure:4186: $? = 0
configure:4186: result: yes
configure:4186: checking math.h presence
configure:4186: gcc -E  conftest.c
configure:4186: $? = 0
configure:4186: result: yes
configure:4186: checking for math.h
configure:4186: result: yes
configure:4196: checking for library containing cos
configure:4227: gcc -o conftest -g -O2   conftest.c  >&5
conftest.c:31: warning: conflicting types for built-in function 'cos'
configure:4227: $? = 0
configure:4244: result: none required
configure:4261: checking for stdlib.h
configure:4261: result: yes
configure:4271: checking for GNU libc compatible malloc
configure:4295: gcc -o conftest -g -O2   conftest.c  >&5
configure:4295: $? = 0
configure:4295: ./conftest
configure:4295: $? = 0
configure:4305: result: yes
configure:4459: creating ./config.status

## ---------------------- ##
## Running config.status. ##
## ---------------------- ##

This file was extended by netcalc config.status 0.7, which was
generated by GNU Autoconf 2.68.  Invocation command line was

  CONFIG_FILES    = 
  CONFIG_HEADERS  = 
  CONFIG_LINKS    = 
  CONFIG_COMMANDS = 
  $ ./config.status 

on lap852.local

config.status:870: creating Makefile
config.status:870: creating src/Makefile
config.status:870: creating config.h
config.status:1099: executing depfiles commands

## ---------------- ##
## Cache variables. ##
## ---------------- ##

ac_cv_c_compiler_gnu=yes
ac_cv_env_CC_set=
ac_cv_env_CC_value=
ac_cv_env_CFLAGS_set=
ac_cv_env_CFLAGS_value=
ac_cv_env_CPPFLAGS_set=
ac_cv_env_CPPFLAGS_value=
ac_cv_env_CPP_set=
ac_cv_env_CPP_value=
ac_cv_env_GLIB_CFLAGS_set=
ac_cv_env_GLIB_CFLAGS_value=
ac_cv_env_GLIB_LIBS_set=
ac_cv_env_GLIB_LIBS_value=
ac_cv_env_LDFLAGS_set=
ac_cv_env_LDFLAGS_value=
ac_cv_env_LIBS_set=
ac_cv_env_LIBS_value=
ac_cv_env_PKG_CONFIG_LIBDIR_set=
ac_cv_env_PKG_CONFIG_LIBDIR_value=
ac_cv_env_PKG_CONFIG_PATH_set=
ac_cv_env_PKG_CONFIG_PATH_value=
ac_cv_env_PKG_CONFIG_set=
ac_cv_env_PKG_CONFIG_value=
ac_cv_env_build_alias_set=
ac_cv_env_build_alias_value=
ac_cv_env_host_alias_set=
ac_cv_env_host_alias_value=
ac_cv_env_target_alias_set=
ac_cv_env_target_alias_value=
ac_cv_func_malloc_0_nonnull=yes
ac_cv_header_inttypes_h=yes
ac_cv_header_math_h=yes
ac_cv_header_memory_h=yes
ac_cv_header_stdc=yes
ac_cv_header_stdint_h=yes
ac_cv_header_stdlib_h=yes
ac_cv_header_string_h=yes
ac_cv_header_strings_h=yes
ac_cv_header_sys_stat_h=yes
ac_cv_header_sys_types_h=yes
ac_cv_header_unistd_h=yes
ac_cv_objext=o
ac_cv_path_EGREP='/usr/bin/grep -E'
ac_cv_path_GREP=/usr/bin/grep
ac_cv_path_ac_pt_PKG_CONFIG=/opt/local/bin/pkg-config
ac_cv_path_install='/usr/bin/install -c'
ac_cv_prog_AWK=awk
ac_cv_prog_CPP='gcc -E'
ac_cv_prog_ac_ct_CC=gcc
ac_cv_prog_cc_c89=
ac_cv_prog_cc_g=yes
ac_cv_prog_make_make_set=yes
ac_cv_search_cos='none required'
am_cv_CC_dependencies_compiler_type=gcc3
pkg_cv_GLIB_CFLAGS='-I/opt/local/include/glib-2.0 -I/opt/local/lib/glib-2.0/include -I/opt/local/include  '
pkg_cv_GLIB_LIBS='-L/opt/local/lib -lglib-2.0 -lintl  '

## ----------------- ##
## Output variables. ##
## ----------------- ##

ACLOCAL='${SHELL} /Users/mpreath/Code/netcalc/missing --run aclocal-1.11'
AMDEPBACKSLASH='\'
AMDEP_FALSE='#'
AMDEP_TRUE=''
AMTAR='${SHELL} /Users/mpreath/Code/netcalc/missing --run tar'
AUTOCONF='${SHELL} /Users/mpreath/Code/netcalc/missing --run autoconf'
AUTOHEADER='${SHELL} /Users/mpreath/Code/netcalc/missing --run autoheader'
AUTOMAKE='${SHELL} /Users/mpreath/Code/netcalc/missing --run automake-1.11'
AWK='awk'
CC='gcc'
CCDEPMODE='depmode=gcc3'
CFLAGS='-g -O2'
CPP='gcc -E'
CPPFLAGS=''
CYGPATH_W='echo'
DEFS='-DHAVE_CONFIG_H'
DEPDIR='.deps'
ECHO_C='\c'
ECHO_N=''
ECHO_T=''
EGREP='/usr/bin/grep -E'
EXEEXT=''
GLIB_CFLAGS='-I/opt/local/include/glib-2.0 -I/opt/local/lib/glib-2.0/include -I/opt/local/include  '
GLIB_LIBS='-L/opt/local/lib -lglib-2.0 -lintl  '
GREP='/usr/bin/grep'
INSTALL_DATA='${INSTALL} -m 644'
INSTALL_PROGRAM='${INSTALL}'
INSTALL_SCRIPT='${INSTALL}'
INSTALL_STRIP_PROGRAM='$(install_sh) -c -s'
LDFLAGS=''
LIBOBJS=''
LIBS=''
LTLIBOBJS=''
MAKEINFO='${SHELL} /Users/mpreath/Code/netcalc/missing --run makeinfo'
MKDIR_P='./install-sh -c -d'
OBJEXT='o'
PACKAGE='netcalc'
PACKAGE_BUGREPORT='mpreath at gmail dot com'
PACKAGE_NAME='netcalc'
PACKAGE_STRING='netcalc 0.7'
PACKAGE_TARNAME='netcalc'
PACKAGE_URL=''
PACKAGE_VERSION='0.7'
PATH_SEPARATOR=':'
PKG_CONFIG='/opt/local/bin/pkg-config'
PKG_CONFIG_LIBDIR=''
PKG_CONFIG_PATH=''
SET_MAKE=''
SHELL='/bin/sh'
STRIP=''
VERSION='0.7'
ac_ct_CC='gcc'
am__EXEEXT_FALSE=''
am__EXEEXT_TRUE='#'
am__fastdepCC_FALSE='#'
am__fastdepCC_TRUE=''
am__include='include'
am__isrc=''
am__leading_dot='.'
am__quote=''
am__tar='${AMTAR} chof - "$$tardir"'
am__untar='${AMTAR} xf -'
bindir='${exec_prefix}/bin'
build_alias=''
datadir='${datarootdir}'
datarootdir='${prefix}/share'
docdir='${datarootdir}/doc/${PACKAGE_TARNAME}'
dvidir='${docdir}'
exec_prefix='${prefix}'
host_alias=''
htmldir='${docdir}'
includedir='${prefix}/include'
infodir='${datarootdir}/info'
install_sh='${SHELL} /Users/mpreath/Code/netcalc/install-sh'
libdir='${exec_prefix}/lib'
libexecdir='${exec_prefix}/libexec'
localedir='${datarootdir}/locale'
localstatedir='${prefix}/var'
mandir='${datarootdir}/man'
mkdir_p='$(top_builddir)/./install-sh -c -d'
oldincludedir='/usr/include'
pdfdir='${docdir}'
prefix='/usr/local'
program_transform_name='s,x,x,'
psdir='${docdir}'
sbindir='${exec_prefix}/sbin'
sharedstatedir='${prefix}/com'
sysconfdir='${prefix}/etc'
target_alias=''

## ----------- ##
## confdefs.h. ##
## ----------- ##

/* confdefs.h */
#define PACKAGE_NAME "netcalc"
#define PACKAGE_TARNAME "netcalc"
#define PACKAGE_VERSION "0.7"
#define PACKAGE_STRING "netcalc 0.7"
#define PACKAGE_BUGREPORT "mpreath at gmail dot com"
#define PACKAGE_URL ""
#define PACKAGE "netcalc"
#define VERSION "0.7"
#define STDC_HEADERS 1
#define HAVE_SYS_TYPES_H 1
#define HAVE_SYS_STAT_H 1
#define HAVE_STDLIB_H 1
#define HAVE_STRING_H 1
#define HAVE_MEMORY_H 1
#define HAVE_STRINGS_H 1
#define HAVE_INTTYPES_H 1
#define HAVE_STDINT_H 1
#define HAVE_UNISTD_H 1
#define HAVE_STDLIB_H 1
#define HAVE_STRING_H 1
#define HAVE_MATH_H 1
#define HAVE_STDLIB_H 1
#define HAVE_MALLOC 1

configure: exit 0

## ---------------------- ##
## Running config.status. ##
## ---------------------- ##

This file was extended by netcalc config.status 0.7, which was
generated by GNU Autoconf 2.68.  Invocation command line was

  CONFIG_FILES    = 
  CONFIG_HEADERS  = 
  CONFIG_LINKS    = 
  CONFIG_COMMANDS = 
  $ ./config.status config.h

on lap852.local

config.status:870: creating config.h
config.status:1051: config.h is unchanged
